This is pdfTeX, Version 3.14159265-2.6-1.40.21 (MiKTeX 2.9.7350 64-bit) (preloaded format=pdflatex 2020.4.19)  19 APR 2020 21:39
entering extended mode
**c:/Users/leonk/Desktop/NICKEL/protocol.tex
(c:/Users/leonk/Desktop/NICKEL/protocol.tex
LaTeX2e <2020-02-02> patch level 5
L3 programming layer <2020-03-06> ("E:\Users\leonk\AppData\Local\Programs\MiKTeX 2.9\tex/latex/koma-script\scrbook.cls"
Document Class: scrbook 2020/01/24 v3.29 KOMA-Script document class (book)
("E:\Users\leonk\AppData\Local\Programs\MiKTeX 2.9\tex/latex/koma-script\scrkbase.sty"
Package: scrkbase 2020/01/24 v3.29 KOMA-Script package (KOMA-Script-dependent basics and keyval usage)
 ("E:\Users\leonk\AppData\Local\Programs\MiKTeX 2.9\tex/latex/koma-script\scrbase.sty"
Package: scrbase 2020/01/24 v3.29 KOMA-Script package (KOMA-Script-independent basics and keyval usage)
 ("E:\Users\leonk\AppData\Local\Programs\MiKTeX 2.9\tex/latex/graphics\keyval.sty"
Package: keyval 2014/10/28 v1.15 key=value parser (DPC)
\KV@toks@=\toks15
) ("E:\Users\leonk\AppData\Local\Programs\MiKTeX 2.9\tex/latex/koma-script\scrlfile.sty"
Package: scrlfile 2020/01/24 v3.29 KOMA-Script package (loading files)
))) ("E:\Users\leonk\AppData\Local\Programs\MiKTeX 2.9\tex/latex/koma-script\tocbasic.sty"
Package: tocbasic 2020/01/24 v3.29 KOMA-Script package (handling toc-files)
\scr@dte@tocline@numberwidth=\skip47
\scr@dte@tocline@numbox=\box45
)
Package tocbasic Info: omitting babel extension for `toc'
(tocbasic)             because of feature `nobabel' available
(tocbasic)             for `toc' on input line 137.
Package scrbook Info: You've used standard option `12pt'.
(scrbook)             This is correct!
(scrbook)             Internally I'm using `fontsize=12pt'.
(scrbook)             If you'd like to set the option with \KOMAoptions,
(scrbook)             you'd have to use `fontsize=12pt' there
(scrbook)             instead of `12pt', too.
Class scrbook Info: File `scrsize12pt.clo' used to setup font sizes on input line 2424.
 ("E:\Users\leonk\AppData\Local\Programs\MiKTeX 2.9\tex/latex/koma-script\scrsize12pt.clo"
File: scrsize12pt.clo 2020/01/24 v3.29 KOMA-Script font size class option (12pt)
) ("E:\Users\leonk\AppData\Local\Programs\MiKTeX 2.9\tex/latex/koma-script\typearea.sty"
Package: typearea 2020/01/24 v3.29 KOMA-Script package (type area)
\ta@bcor=\skip48
\ta@div=\count167
Package typearea Info: You've used standard option `a4paper'.
(typearea)             This is correct!
(typearea)             Internally I'm using `paper=a4'.
(typearea)             If you'd like to set the option with \KOMAoptions,
(typearea)             you'd have to use `paper=a4' there
(typearea)             instead of `a4paper', too.
\ta@hblk=\skip49
\ta@vblk=\skip50
\ta@temp=\skip51
\footheight=\skip52
Package typearea Info: These are the values describing the layout:
(typearea)             DIV  = 14
(typearea)             BCOR = 42.67912pt
(typearea)             \paperwidth      = 597.50793pt
(typearea)              \textwidth      = 435.93697pt
(typearea)              DIV departure   = -3%
(typearea)              \evensidemargin = 6.99124pt
(typearea)              \oddsidemargin  = 10.03975pt
(typearea)             \paperheight     = 845.04694pt
(typearea)              \textheight     = 664.5pt
(typearea)              \topmargin      = -51.7845pt
(typearea)              \headheight     = 18.125pt
(typearea)              \headsep        = 21.75pt
(typearea)              \topskip        = 12.0pt
(typearea)              \footskip       = 50.75pt
(typearea)              \baselineskip   = 14.5pt
(typearea)              on input line 1719.
)
\c@part=\count168
\c@chapter=\count169
\c@section=\count170
\c@subsection=\count171
\c@subsubsection=\count172
\c@paragraph=\count173
\c@subparagraph=\count174
\scr@dte@chapter@maxnumwidth=\skip53
Class scrbook Info: using compatibility default `afterindent=bysign'
(scrbook)           for `\chapter on input line 5545.
\scr@dte@section@maxnumwidth=\skip54
Class scrbook Info: using compatibility default `runin=bysign'
(scrbook)           for `\section on input line 5555.
Class scrbook Info: using compatibility default `afterindent=bysign'
(scrbook)           for `\section on input line 5555.
\scr@dte@part@maxnumwidth=\skip55
Class scrbook Info: using compatibility default `afterindent=true'
(scrbook)           for `\part on input line 5564.
\scr@dte@subsection@maxnumwidth=\skip56
Class scrbook Info: using compatibility default `runin=bysign'
(scrbook)           for `\subsection on input line 5574.
Class scrbook Info: using compatibility default `afterindent=bysign'
(scrbook)           for `\subsection on input line 5574.
\scr@dte@subsubsection@maxnumwidth=\skip57
Class scrbook Info: using compatibility default `runin=bysign'
(scrbook)           for `\subsubsection on input line 5584.
Class scrbook Info: using compatibility default `afterindent=bysign'
(scrbook)           for `\subsubsection on input line 5584.
\scr@dte@paragraph@maxnumwidth=\skip58
Class scrbook Info: using compatibility default `runin=bysign'
(scrbook)           for `\paragraph on input line 5594.
Class scrbook Info: using compatibility default `afterindent=bysign'
(scrbook)           for `\paragraph on input line 5594.
\scr@dte@subparagraph@maxnumwidth=\skip59
Class scrbook Info: using compatibility default `runin=bysign'
(scrbook)           for `\subparagraph on input line 5604.
Class scrbook Info: using compatibility default `afterindent=bysign'
(scrbook)           for `\subparagraph on input line 5604.
\abovecaptionskip=\skip60
\belowcaptionskip=\skip61
\c@pti@nb@sid@b@x=\box46
Package tocbasic Info: omitting babel extension for `lof'
(tocbasic)             because of feature `nobabel' available
(tocbasic)             for `lof' on input line 6846.
\scr@dte@figure@maxnumwidth=\skip62
\c@figure=\count175
Package tocbasic Info: omitting babel extension for `lot'
(tocbasic)             because of feature `nobabel' available
(tocbasic)             for `lot' on input line 6867.
\scr@dte@table@maxnumwidth=\skip63
\c@table=\count176
Class scrbook Info: Redefining `\numberline' on input line 7040.
\bibindent=\dimen134
) ("E:\Users\leonk\AppData\Local\Programs\MiKTeX 2.9\tex/latex/base\fontenc.sty"
Package: fontenc 2020/02/11 v2.0o Standard LaTeX package
) ("E:\Users\leonk\AppData\Local\Programs\MiKTeX 2.9\tex/latex/base\inputenc.sty"
Package: inputenc 2018/08/11 v1.3c Input encoding file
\inpenc@prehook=\toks16
\inpenc@posthook=\toks17
) ("E:\Users\leonk\AppData\Local\Programs\MiKTeX 2.9\tex/generic/babel\babel.sty"
Package: babel 2020/02/28 3.41 The Babel package
 ("E:\Users\leonk\AppData\Local\Programs\MiKTeX 2.9\tex/generic/babel\switch.def"
File: switch.def 2020/02/28 3.41 Babel switching mechanism
)
*************************************
* Local config file bblopts.cfg used
*
("E:\Users\leonk\AppData\Local\Programs\MiKTeX 2.9\tex/latex/arabi\bblopts.cfg"
File: bblopts.cfg 2005/09/08 v0.1 add Arabic and Farsi to "declared" options of babel
) ("E:\Users\leonk\AppData\Local\Programs\MiKTeX 2.9\tex/latex/babel-english\english.ldf"
Language: english 2017/06/06 v3.3r English support from the babel system
 ("E:\Users\leonk\AppData\Local\Programs\MiKTeX 2.9\tex/generic/babel\babel.def"
File: babel.def 2020/02/28 3.41 Babel common definitions
\babel@savecnt=\count177
\U@D=\dimen135
 ("E:\Users\leonk\AppData\Local\Programs\MiKTeX 2.9\tex/generic/babel\txtbabel.def")
\bbl@readstream=\read2
\bbl@dirlevel=\count178
)
Package babel Info: \l@canadian = using hyphenrules for english
(babel)             (\language0) on input line 102.
Package babel Info: \l@australian = using hyphenrules for ukenglish
(babel)             (\language72) on input line 105.
Package babel Info: \l@newzealand = using hyphenrules for ukenglish
(babel)             (\language72) on input line 108.
) ("E:\Users\leonk\AppData\Local\Programs\MiKTeX 2.9\tex/latex/babel-german\ngerman.ldf"
Language: ngerman 2018/12/08 v2.11 German support for babel (post-1996 orthography)
 ("E:\Users\leonk\AppData\Local\Programs\MiKTeX 2.9\tex/latex/babel-german\ngermanb.ldf"
Language: ngermanb 2018/12/08 v2.11 German support for babel (post-1996 orthography)
Package babel Info: Making " an active character on input line 121.
))) ("E:\Users\leonk\AppData\Local\Programs\MiKTeX 2.9\tex/latex/lastpage\lastpage.sty"
Package: lastpage 2015/03/29 v1.2m Refers to last page's name (HMM; JPG)
) ("E:\Users\leonk\AppData\Local\Programs\MiKTeX 2.9\tex/latex/listings\listings.sty"
\lst@mode=\count179
\lst@gtempboxa=\box47
\lst@token=\toks18
\lst@length=\count180
\lst@currlwidth=\dimen136
\lst@column=\count181
\lst@pos=\count182
\lst@lostspace=\dimen137
\lst@width=\dimen138
\lst@newlines=\count183
\lst@lineno=\count184
\lst@maxwidth=\dimen139
 ("E:\Users\leonk\AppData\Local\Programs\MiKTeX 2.9\tex/latex/listings\lstmisc.sty"
File: lstmisc.sty 2019/09/10 1.8c (Carsten Heinz)
\c@lstnumber=\count185
\lst@skipnumbers=\count186
\lst@framebox=\box48
) ("E:\Users\leonk\AppData\Local\Programs\MiKTeX 2.9\tex/latex/listings\listings.cfg"
File: listings.cfg 2019/09/10 1.8c listings configuration
))
Package: listings 2019/09/10 1.8c (Carsten Heinz)
 ("E:\Users\leonk\AppData\Local\Programs\MiKTeX 2.9\tex/latex/blindtext\blindtext.sty"
Package: blindtext 2012/01/06 V2.0 blindtext-Package
 ("E:\Users\leonk\AppData\Local\Programs\MiKTeX 2.9\tex/latex/tools\xspace.sty"
Package: xspace 2014/10/28 v1.13 Space after command names (DPC,MH)
)
\c@blindtext=\count187
\c@Blindtext=\count188
\c@blind@countparstart=\count189
\blind@countxx=\count190
\blindtext@numBlindtext=\count191
\blind@countyy=\count192
\c@blindlist=\count193
\c@blindlistlevel=\count194
\c@blindlist@level=\count195
\blind@listitem=\count196
\c@blind@listcount=\count197
\c@blind@levelcount=\count198
\blind@mathformula=\count199
\blind@Mathformula=\count266
\c@blind@randomcount=\count267
\c@blind@randommax=\count268
\c@blind@pangramcount=\count269
\c@blind@pangrammax=\count270
) ("E:\Users\leonk\AppData\Local\Programs\MiKTeX 2.9\tex/latex/enumitem\enumitem.sty"
Package: enumitem 2019/06/20 v3.9 Customized lists
\labelindent=\skip64
\enit@outerparindent=\dimen140
\enit@toks=\toks19
\enit@inbox=\box49
\enit@count@id=\count271
\enitdp@description=\count272
) ("E:\Users\leonk\AppData\Local\Programs\MiKTeX 2.9\tex/latex/lm\lmodern.sty"
Package: lmodern 2009/10/30 v1.6 Latin Modern Fonts
LaTeX Font Info:    Overwriting symbol font `operators' in version `normal'
(Font)                  OT1/cmr/m/n --> OT1/lmr/m/n on input line 22.
LaTeX Font Info:    Overwriting symbol font `letters' in version `normal'
(Font)                  OML/cmm/m/it --> OML/lmm/m/it on input line 23.
LaTeX Font Info:    Overwriting symbol font `symbols' in version `normal'
(Font)                  OMS/cmsy/m/n --> OMS/lmsy/m/n on input line 24.
LaTeX Font Info:    Overwriting symbol font `largesymbols' in version `normal'
(Font)                  OMX/cmex/m/n --> OMX/lmex/m/n on input line 25.
LaTeX Font Info:    Overwriting symbol font `operators' in version `bold'
(Font)                  OT1/cmr/bx/n --> OT1/lmr/bx/n on input line 26.
LaTeX Font Info:    Overwriting symbol font `letters' in version `bold'
(Font)                  OML/cmm/b/it --> OML/lmm/b/it on input line 27.
LaTeX Font Info:    Overwriting symbol font `symbols' in version `bold'
(Font)                  OMS/cmsy/b/n --> OMS/lmsy/b/n on input line 28.
LaTeX Font Info:    Overwriting symbol font `largesymbols' in version `bold'
(Font)                  OMX/cmex/m/n --> OMX/lmex/m/n on input line 29.
LaTeX Font Info:    Overwriting math alphabet `\mathbf' in version `normal'
(Font)                  OT1/cmr/bx/n --> OT1/lmr/bx/n on input line 31.
LaTeX Font Info:    Overwriting math alphabet `\mathsf' in version `normal'
(Font)                  OT1/cmss/m/n --> OT1/lmss/m/n on input line 32.
LaTeX Font Info:    Overwriting math alphabet `\mathit' in version `normal'
(Font)                  OT1/cmr/m/it --> OT1/lmr/m/it on input line 33.
LaTeX Font Info:    Overwriting math alphabet `\mathtt' in version `normal'
(Font)                  OT1/cmtt/m/n --> OT1/lmtt/m/n on input line 34.
LaTeX Font Info:    Overwriting math alphabet `\mathbf' in version `bold'
(Font)                  OT1/cmr/bx/n --> OT1/lmr/bx/n on input line 35.
LaTeX Font Info:    Overwriting math alphabet `\mathsf' in version `bold'
(Font)                  OT1/cmss/bx/n --> OT1/lmss/bx/n on input line 36.
LaTeX Font Info:    Overwriting math alphabet `\mathit' in version `bold'
(Font)                  OT1/cmr/bx/it --> OT1/lmr/bx/it on input line 37.
LaTeX Font Info:    Overwriting math alphabet `\mathtt' in version `bold'
(Font)                  OT1/cmtt/m/n --> OT1/lmtt/m/n on input line 38.
) ("E:\Users\leonk\AppData\Local\Programs\MiKTeX 2.9\tex/latex/graphics\graphicx.sty"
Package: graphicx 2019/11/30 v1.2a Enhanced LaTeX Graphics (DPC,SPQR)
 ("E:\Users\leonk\AppData\Local\Programs\MiKTeX 2.9\tex/latex/graphics\graphics.sty"
Package: graphics 2019/11/30 v1.4a Standard LaTeX Graphics (DPC,SPQR)
 ("E:\Users\leonk\AppData\Local\Programs\MiKTeX 2.9\tex/latex/graphics\trig.sty"
Package: trig 2016/01/03 v1.10 sin cos tan (DPC)
) ("E:\Users\leonk\AppData\Local\Programs\MiKTeX 2.9\tex/latex/graphics-cfg\graphics.cfg"
File: graphics.cfg 2016/06/04 v1.11 sample graphics configuration
)
Package graphics Info: Driver file: pdftex.def on input line 105.
 ("E:\Users\leonk\AppData\Local\Programs\MiKTeX 2.9\tex/latex/graphics-def\pdftex.def"
File: pdftex.def 2018/01/08 v1.0l Graphics/color driver for pdftex
))
\Gin@req@height=\dimen141
\Gin@req@width=\dimen142
) ("E:\Users\leonk\AppData\Local\Programs\MiKTeX 2.9\tex/latex/url\url.sty"
\Urlmuskip=\muskip16
Package: url 2013/09/16  ver 3.4  Verb mode for urls, etc.
) ("E:\Users\leonk\AppData\Local\Programs\MiKTeX 2.9\tex/latex/natbib\natbib.sty"
Package: natbib 2010/09/13 8.31b (PWD, AO)
\bibhang=\skip65
\bibsep=\skip66
LaTeX Info: Redefining \cite on input line 694.
\c@NAT@ctr=\count273
) ("E:\Users\leonk\AppData\Local\Programs\MiKTeX 2.9\tex/latex/ulem\ulem.sty"
\UL@box=\box50
\UL@hyphenbox=\box51
\UL@skip=\skip67
\UL@hook=\toks20
\UL@height=\dimen143
\UL@pe=\count274
\UL@pixel=\dimen144
\ULC@box=\box52
Package: ulem 2019/11/18
\ULdepth=\dimen145
) ("E:\Users\leonk\AppData\Local\Programs\MiKTeX 2.9\tex/latex/needspace\needspace.sty"
Package: needspace 2010/09/12 v1.3d reserve vertical space
) ("E:\Users\leonk\AppData\Local\Programs\MiKTeX 2.9\tex/latex/footmisc\footmisc.sty"
Package: footmisc 2011/06/06 v5.5b a miscellany of footnote facilities
\FN@temptoken=\toks21
\footnotemargin=\dimen146
\c@pp@next@reset=\count275
Package footmisc Info: Declaring symbol style bringhurst on input line 855.
Package footmisc Info: Declaring symbol style chicago on input line 863.
Package footmisc Info: Declaring symbol style wiley on input line 872.
Package footmisc Info: Declaring symbol style lamport-robust on input line 883.
Package footmisc Info: Declaring symbol style lamport* on input line 903.
Package footmisc Info: Declaring symbol style lamport*-robust on input line 924.
) ("E:\Users\leonk\AppData\Local\Programs\MiKTeX 2.9\tex/latex/microtype\microtype.sty"
Package: microtype 2019/11/18 v2.7d Micro-typographical refinements (RS)
\MT@toks=\toks22
\MT@count=\count276
LaTeX Info: Redefining \textls on input line 790.
\MT@outer@kern=\dimen147
LaTeX Info: Redefining \textmicrotypecontext on input line 1354.
\MT@listname@count=\count277
 ("E:\Users\leonk\AppData\Local\Programs\MiKTeX 2.9\tex/latex/microtype\microtype-pdftex.def"
File: microtype-pdftex.def 2019/11/18 v2.7d Definitions specific to pdftex (RS)
LaTeX Info: Redefining \lsstyle on input line 914.
LaTeX Info: Redefining \lslig on input line 914.
\MT@outer@space=\skip68
)
Package microtype Info: Loading configuration file microtype.cfg.
 ("E:\Users\leonk\AppData\Local\Programs\MiKTeX 2.9\tex/latex/microtype\microtype.cfg"
File: microtype.cfg 2019/11/18 v2.7d microtype main configuration file (RS)
)) ("E:\Users\leonk\AppData\Local\Programs\MiKTeX 2.9\tex/latex/multirow\multirow.sty"
Package: multirow 2019/05/31 v2.5 Span multiple rows of a table
\multirow@colwidth=\skip69
\multirow@cntb=\count278
\multirow@dima=\skip70
\bigstrutjot=\dimen148
) ("E:\Users\leonk\AppData\Local\Programs\MiKTeX 2.9\tex/latex/booktabs\booktabs.sty"
Package: booktabs 2020/01/12 v1.61803398 Publication quality tables
\heavyrulewidth=\dimen149
\lightrulewidth=\dimen150
\cmidrulewidth=\dimen151
\belowrulesep=\dimen152
\belowbottomsep=\dimen153
\aboverulesep=\dimen154
\abovetopsep=\dimen155
\cmidrulesep=\dimen156
\cmidrulekern=\dimen157
\defaultaddspace=\dimen158
\@cmidla=\count279
\@cmidlb=\count280
\@aboverulesep=\dimen159
\@belowrulesep=\dimen160
\@thisruleclass=\count281
\@lastruleclass=\count282
\@thisrulewidth=\dimen161
) ("E:\Users\leonk\AppData\Local\Programs\MiKTeX 2.9\tex/latex/caption\subcaption.sty"
Package: subcaption 2020/01/22 v1.3d Sub-captions (AR)
 ("E:\Users\leonk\AppData\Local\Programs\MiKTeX 2.9\tex/latex/caption\caption.sty"
Package: caption 2020/01/03 v3.4h Customizing captions (AR)
 ("E:\Users\leonk\AppData\Local\Programs\MiKTeX 2.9\tex/latex/caption\caption3.sty"
Package: caption3 2020/01/03 v1.8h caption3 kernel (AR)
Package caption3 Info: TeX engine: e-TeX on input line 61.
\captionmargin=\dimen162
\captionmargin@=\dimen163
\captionwidth=\dimen164
\caption@tempdima=\dimen165
\caption@indent=\dimen166
\caption@parindent=\dimen167
\caption@hangindent=\dimen168
Package caption Info: KOMA-Script document class detected.
)
Package caption Info: KOMA-Script document class.
\c@caption@flags=\count283
\c@continuedfloat=\count284
Package caption Info: listings package is loaded.
)
\c@subfigure=\count285
\c@subtable=\count286
) ("E:\Users\leonk\AppData\Local\Programs\MiKTeX 2.9\tex/latex/algorithm2e\algorithm2e.sty"
Package: algorithm2e 2017/07/18 v5.2 algorithms environments
\c@AlgoLine=\count287
 ("E:\Users\leonk\AppData\Local\Programs\MiKTeX 2.9\tex/latex/base\ifthen.sty"
Package: ifthen 2014/09/29 v1.1c Standard LaTeX ifthen package (DPC)
)
\algocf@hangindent=\skip71
 ("E:\Users\leonk\AppData\Local\Programs\MiKTeX 2.9\tex/latex/ifoddpage\ifoddpage.sty"
Package: ifoddpage 2016/04/23 v1.1 Conditionals for odd/even page detection
\c@checkoddpage=\count288
) ("E:\Users\leonk\AppData\Local\Programs\MiKTeX 2.9\tex/latex/relsize\relsize.sty"
Package: relsize 2013/03/29 ver 4.1
)
\skiptotal=\skip72
\skiplinenumber=\skip73
\skiprule=\skip74
\skiphlne=\skip75
\skiptext=\skip76
\skiplength=\skip77
\algomargin=\skip78
\skipalgocfslide=\skip79
\algowidth=\dimen169
\inoutsize=\dimen170
\inoutindent=\dimen171
\interspacetitleruled=\dimen172
\interspacealgoruled=\dimen173
\interspacetitleboxruled=\dimen174
\algocf@ruledwidth=\skip80
\algocf@inoutbox=\box53
\algocf@inputbox=\box54
\AlCapSkip=\skip81
\AlCapHSkip=\skip82
\algoskipindent=\skip83
\algocf@nlbox=\box55
\algocf@hangingbox=\box56
\algocf@untilbox=\box57
\algocf@skipuntil=\skip84
\algocf@capbox=\box58
\algocf@lcaptionbox=\skip85
\algoheightruledefault=\skip86
\algoheightrule=\skip87
\algotitleheightruledefault=\skip88
\algotitleheightrule=\skip89
\c@algocfline=\count289
\c@algocfproc=\count290
\c@algocf=\count291
\algocf@algoframe=\box59
\algocf@algobox=\box60
) ("E:\Users\leonk\AppData\Local\Programs\MiKTeX 2.9\tex/latex/xcolor\xcolor.sty"
Package: xcolor 2016/05/11 v2.12 LaTeX color extensions (UK)
 ("E:\Users\leonk\AppData\Local\Programs\MiKTeX 2.9\tex/latex/graphics-cfg\color.cfg"
File: color.cfg 2016/01/02 v1.6 sample color configuration
)
Package xcolor Info: Package option `usenames' ignored on input line 216.
Package xcolor Info: Driver file: pdftex.def on input line 225.
 ("E:\Users\leonk\AppData\Local\Programs\MiKTeX 2.9\tex/latex/colortbl\colortbl.sty"
Package: colortbl 2020/01/04 v1.0e Color table columns (DPC)
 ("E:\Users\leonk\AppData\Local\Programs\MiKTeX 2.9\tex/latex/tools\array.sty"
Package: array 2019/08/31 v2.4l Tabular extension package (FMi)
\col@sep=\dimen175
\ar@mcellbox=\box61
\extrarowheight=\dimen176
\NC@list=\toks23
\extratabsurround=\skip90
\backup@length=\skip91
\ar@cellbox=\box62
)
\everycr=\toks24
\minrowclearance=\skip92
)
\rownum=\count292
Package xcolor Info: Model `cmy' substituted by `cmy0' on input line 1348.
Package xcolor Info: Model `hsb' substituted by `rgb' on input line 1352.
Package xcolor Info: Model `RGB' extended on input line 1364.
Package xcolor Info: Model `HTML' substituted by `rgb' on input line 1366.
Package xcolor Info: Model `Hsb' substituted by `hsb' on input line 1367.
Package xcolor Info: Model `tHsb' substituted by `hsb' on input line 1368.
Package xcolor Info: Model `HSB' substituted by `hsb' on input line 1369.
Package xcolor Info: Model `Gray' substituted by `gray' on input line 1370.
Package xcolor Info: Model `wave' substituted by `hsb' on input line 1371.
 ("E:\Users\leonk\AppData\Local\Programs\MiKTeX 2.9\tex/latex/graphics\dvipsnam.def"
File: dvipsnam.def 2016/06/17 v3.0m Driver-dependent file (DPC,SPQR)
)) ("E:\Users\leonk\AppData\Local\Programs\MiKTeX 2.9\tex/latex/nag\nag.sty"
Package: nag 2011/11/25 0.7 warning about old commands (ulmi)
\c@nag@c=\count293
\c@nag@sins=\count294
) ("E:\Users\leonk\AppData\Local\Programs\MiKTeX 2.9\tex/latex/todonotes\todonotes.sty"
Package: todonotes 2019/01/24 v1.1.2 Todonotes source and documentation.
Package: todonotes 2018/11/22
 ("E:\Users\leonk\AppData\Local\Programs\MiKTeX 2.9\tex/latex/xkeyval\xkeyval.sty"
Package: xkeyval 2014/12/03 v2.7a package option processing (HA)
 ("E:\Users\leonk\AppData\Local\Programs\MiKTeX 2.9\tex/generic/xkeyval\xkeyval.tex" ("E:\Users\leonk\AppData\Local\Programs\MiKTeX 2.9\tex/generic/xkeyval\xkvutils.tex"
\XKV@toks=\toks25
\XKV@tempa@toks=\toks26
)
\XKV@depth=\count295
File: xkeyval.tex 2014/12/03 v2.7a key=value parser (HA)
)) ("E:\Users\leonk\AppData\Local\Programs\MiKTeX 2.9\tex/latex/pgf/frontendlayer\tikz.sty" ("E:\Users\leonk\AppData\Local\Programs\MiKTeX 2.9\tex/latex/pgf/basiclayer\pgf.sty" ("E:\Users\leonk\AppData\Local\Programs\MiKTeX 2.9\tex/latex/pgf/utilities\pgfrcs.sty" ("E:\Users\leonk\AppData\Local\Programs\MiKTeX 2.9\tex/generic/pgf/utilities\pgfutil-common.tex"
\pgfutil@everybye=\toks27
\pgfutil@tempdima=\dimen177
\pgfutil@tempdimb=\dimen178
 ("E:\Users\leonk\AppData\Local\Programs\MiKTeX 2.9\tex/generic/pgf/utilities\pgfutil-common-lists.tex")) ("E:\Users\leonk\AppData\Local\Programs\MiKTeX 2.9\tex/generic/pgf/utilities\pgfutil-latex.def"
\pgfutil@abb=\box63
 ("E:\Users\leonk\AppData\Local\Programs\MiKTeX 2.9\tex/latex/ms\everyshi.sty"
Package: everyshi 2001/05/15 v3.00 EveryShipout Package (MS)
)) ("E:\Users\leonk\AppData\Local\Programs\MiKTeX 2.9\tex/generic/pgf/utilities\pgfrcs.code.tex" ("E:\Users\leonk\AppData\Local\Programs\MiKTeX 2.9\tex/generic/pgf\pgf.revision.tex")
Package: pgfrcs 2020/01/08 v3.1.5b (3.1.5b)
))
Package: pgf 2020/01/08 v3.1.5b (3.1.5b)
 ("E:\Users\leonk\AppData\Local\Programs\MiKTeX 2.9\tex/latex/pgf/basiclayer\pgfcore.sty" ("E:\Users\leonk\AppData\Local\Programs\MiKTeX 2.9\tex/latex/pgf/systemlayer\pgfsys.sty" ("E:\Users\leonk\AppData\Local\Programs\MiKTeX 2.9\tex/generic/pgf/systemlayer\pgfsys.code.tex"
Package: pgfsys 2020/01/08 v3.1.5b (3.1.5b)
 ("E:\Users\leonk\AppData\Local\Programs\MiKTeX 2.9\tex/generic/pgf/utilities\pgfkeys.code.tex"
\pgfkeys@pathtoks=\toks28
\pgfkeys@temptoks=\toks29
 ("E:\Users\leonk\AppData\Local\Programs\MiKTeX 2.9\tex/generic/pgf/utilities\pgfkeysfiltered.code.tex"
\pgfkeys@tmptoks=\toks30
))
\pgf@x=\dimen179
\pgf@y=\dimen180
\pgf@xa=\dimen181
\pgf@ya=\dimen182
\pgf@xb=\dimen183
\pgf@yb=\dimen184
\pgf@xc=\dimen185
\pgf@yc=\dimen186
\pgf@xd=\dimen187
\pgf@yd=\dimen188
\w@pgf@writea=\write3
\r@pgf@reada=\read3
\c@pgf@counta=\count296
\c@pgf@countb=\count297
\c@pgf@countc=\count298
\c@pgf@countd=\count299
\t@pgf@toka=\toks31
\t@pgf@tokb=\toks32
\t@pgf@tokc=\toks33
\pgf@sys@id@count=\count300
 ("E:\Users\leonk\AppData\Local\Programs\MiKTeX 2.9\tex/generic/pgf/systemlayer\pgf.cfg"
File: pgf.cfg 2020/01/08 v3.1.5b (3.1.5b)
)
Driver file for pgf: pgfsys-pdftex.def
 ("E:\Users\leonk\AppData\Local\Programs\MiKTeX 2.9\tex/generic/pgf/systemlayer\pgfsys-pdftex.def"
File: pgfsys-pdftex.def 2020/01/08 v3.1.5b (3.1.5b)
 ("E:\Users\leonk\AppData\Local\Programs\MiKTeX 2.9\tex/generic/pgf/systemlayer\pgfsys-common-pdf.def"
File: pgfsys-common-pdf.def 2020/01/08 v3.1.5b (3.1.5b)
))) ("E:\Users\leonk\AppData\Local\Programs\MiKTeX 2.9\tex/generic/pgf/systemlayer\pgfsyssoftpath.code.tex"
File: pgfsyssoftpath.code.tex 2020/01/08 v3.1.5b (3.1.5b)
\pgfsyssoftpath@smallbuffer@items=\count301
\pgfsyssoftpath@bigbuffer@items=\count302
) ("E:\Users\leonk\AppData\Local\Programs\MiKTeX 2.9\tex/generic/pgf/systemlayer\pgfsysprotocol.code.tex"
File: pgfsysprotocol.code.tex 2020/01/08 v3.1.5b (3.1.5b)
)) ("E:\Users\leonk\AppData\Local\Programs\MiKTeX 2.9\tex/generic/pgf/basiclayer\pgfcore.code.tex"
Package: pgfcore 2020/01/08 v3.1.5b (3.1.5b)
 ("E:\Users\leonk\AppData\Local\Programs\MiKTeX 2.9\tex/generic/pgf/math\pgfmath.code.tex" ("E:\Users\leonk\AppData\Local\Programs\MiKTeX 2.9\tex/generic/pgf/math\pgfmathcalc.code.tex" ("E:\Users\leonk\AppData\Local\Programs\MiKTeX 2.9\tex/generic/pgf/math\pgfmathutil.code.tex") ("E:\Users\leonk\AppData\Local\Programs\MiKTeX 2.9\tex/generic/pgf/math\pgfmathparser.code.tex"
\pgfmath@dimen=\dimen189
\pgfmath@count=\count303
\pgfmath@box=\box64
\pgfmath@toks=\toks34
\pgfmath@stack@operand=\toks35
\pgfmath@stack@operation=\toks36
) ("E:\Users\leonk\AppData\Local\Programs\MiKTeX 2.9\tex/generic/pgf/math\pgfmathfunctions.code.tex" ("E:\Users\leonk\AppData\Local\Programs\MiKTeX 2.9\tex/generic/pgf/math\pgfmathfunctions.basic.code.tex") ("E:\Users\leonk\AppData\Local\Programs\MiKTeX 2.9\tex/generic/pgf/math\pgfmathfunctions.trigonometric.code.tex") ("E:\Users\leonk\AppData\Local\Programs\MiKTeX 2.9\tex/generic/pgf/math\pgfmathfunctions.random.code.tex") ("E:\Users\leonk\AppData\Local\Programs\MiKTeX 2.9\tex/generic/pgf/math\pgfmathfunctions.comparison.code.tex") ("E:\Users\leonk\AppData\Local\Programs\MiKTeX 2.9\tex/generic/pgf/math\pgfmathfunctions.base.code.tex") ("E:\Users\leonk\AppData\Local\Programs\MiKTeX 2.9\tex/generic/pgf/math\pgfmathfunctions.round.code.tex") ("E:\Users\leonk\AppData\Local\Programs\MiKTeX 2.9\tex/generic/pgf/math\pgfmathfunctions.misc.code.tex") ("E:\Users\leonk\AppData\Local\Programs\MiKTeX 2.9\tex/generic/pgf/math\pgfmathfunctions.integerarithmetics.code.tex"))) ("E:\Users\leonk\AppData\Local\Programs\MiKTeX 2.9\tex/generic/pgf/math\pgfmathfloat.code.tex"
\c@pgfmathroundto@lastzeros=\count304
)) ("E:\Users\leonk\AppData\Local\Programs\MiKTeX 2.9\tex/generic/pgf/math\pgfint.code.tex") ("E:\Users\leonk\AppData\Local\Programs\MiKTeX 2.9\tex/generic/pgf/basiclayer\pgfcorepoints.code.tex"
File: pgfcorepoints.code.tex 2020/01/08 v3.1.5b (3.1.5b)
\pgf@picminx=\dimen190
\pgf@picmaxx=\dimen191
\pgf@picminy=\dimen192
\pgf@picmaxy=\dimen193
\pgf@pathminx=\dimen194
\pgf@pathmaxx=\dimen195
\pgf@pathminy=\dimen196
\pgf@pathmaxy=\dimen197
\pgf@xx=\dimen198
\pgf@xy=\dimen199
\pgf@yx=\dimen256
\pgf@yy=\dimen257
\pgf@zx=\dimen258
\pgf@zy=\dimen259
) ("E:\Users\leonk\AppData\Local\Programs\MiKTeX 2.9\tex/generic/pgf/basiclayer\pgfcorepathconstruct.code.tex"
File: pgfcorepathconstruct.code.tex 2020/01/08 v3.1.5b (3.1.5b)
\pgf@path@lastx=\dimen260
\pgf@path@lasty=\dimen261
) ("E:\Users\leonk\AppData\Local\Programs\MiKTeX 2.9\tex/generic/pgf/basiclayer\pgfcorepathusage.code.tex"
File: pgfcorepathusage.code.tex 2020/01/08 v3.1.5b (3.1.5b)
\pgf@shorten@end@additional=\dimen262
\pgf@shorten@start@additional=\dimen263
) ("E:\Users\leonk\AppData\Local\Programs\MiKTeX 2.9\tex/generic/pgf/basiclayer\pgfcorescopes.code.tex"
File: pgfcorescopes.code.tex 2020/01/08 v3.1.5b (3.1.5b)
\pgfpic=\box65
\pgf@hbox=\box66
\pgf@layerbox@main=\box67
\pgf@picture@serial@count=\count305
) ("E:\Users\leonk\AppData\Local\Programs\MiKTeX 2.9\tex/generic/pgf/basiclayer\pgfcoregraphicstate.code.tex"
File: pgfcoregraphicstate.code.tex 2020/01/08 v3.1.5b (3.1.5b)
\pgflinewidth=\dimen264
) ("E:\Users\leonk\AppData\Local\Programs\MiKTeX 2.9\tex/generic/pgf/basiclayer\pgfcoretransformations.code.tex"
File: pgfcoretransformations.code.tex 2020/01/08 v3.1.5b (3.1.5b)
\pgf@pt@x=\dimen265
\pgf@pt@y=\dimen266
\pgf@pt@temp=\dimen267
) ("E:\Users\leonk\AppData\Local\Programs\MiKTeX 2.9\tex/generic/pgf/basiclayer\pgfcorequick.code.tex"
File: pgfcorequick.code.tex 2020/01/08 v3.1.5b (3.1.5b)
) ("E:\Users\leonk\AppData\Local\Programs\MiKTeX 2.9\tex/generic/pgf/basiclayer\pgfcoreobjects.code.tex"
File: pgfcoreobjects.code.tex 2020/01/08 v3.1.5b (3.1.5b)
) ("E:\Users\leonk\AppData\Local\Programs\MiKTeX 2.9\tex/generic/pgf/basiclayer\pgfcorepathprocessing.code.tex"
File: pgfcorepathprocessing.code.tex 2020/01/08 v3.1.5b (3.1.5b)
) ("E:\Users\leonk\AppData\Local\Programs\MiKTeX 2.9\tex/generic/pgf/basiclayer\pgfcorearrows.code.tex"
File: pgfcorearrows.code.tex 2020/01/08 v3.1.5b (3.1.5b)
\pgfarrowsep=\dimen268
) ("E:\Users\leonk\AppData\Local\Programs\MiKTeX 2.9\tex/generic/pgf/basiclayer\pgfcoreshade.code.tex"
File: pgfcoreshade.code.tex 2020/01/08 v3.1.5b (3.1.5b)
\pgf@max=\dimen269
\pgf@sys@shading@range@num=\count306
\pgf@shadingcount=\count307
) ("E:\Users\leonk\AppData\Local\Programs\MiKTeX 2.9\tex/generic/pgf/basiclayer\pgfcoreimage.code.tex"
File: pgfcoreimage.code.tex 2020/01/08 v3.1.5b (3.1.5b)
 ("E:\Users\leonk\AppData\Local\Programs\MiKTeX 2.9\tex/generic/pgf/basiclayer\pgfcoreexternal.code.tex"
File: pgfcoreexternal.code.tex 2020/01/08 v3.1.5b (3.1.5b)
\pgfexternal@startupbox=\box68
)) ("E:\Users\leonk\AppData\Local\Programs\MiKTeX 2.9\tex/generic/pgf/basiclayer\pgfcorelayers.code.tex"
File: pgfcorelayers.code.tex 2020/01/08 v3.1.5b (3.1.5b)
) ("E:\Users\leonk\AppData\Local\Programs\MiKTeX 2.9\tex/generic/pgf/basiclayer\pgfcoretransparency.code.tex"
File: pgfcoretransparency.code.tex 2020/01/08 v3.1.5b (3.1.5b)
) ("E:\Users\leonk\AppData\Local\Programs\MiKTeX 2.9\tex/generic/pgf/basiclayer\pgfcorepatterns.code.tex"
File: pgfcorepatterns.code.tex 2020/01/08 v3.1.5b (3.1.5b)
) ("E:\Users\leonk\AppData\Local\Programs\MiKTeX 2.9\tex/generic/pgf/basiclayer\pgfcorerdf.code.tex"
File: pgfcorerdf.code.tex 2020/01/08 v3.1.5b (3.1.5b)
))) ("E:\Users\leonk\AppData\Local\Programs\MiKTeX 2.9\tex/generic/pgf/modules\pgfmoduleshapes.code.tex"
File: pgfmoduleshapes.code.tex 2020/01/08 v3.1.5b (3.1.5b)
\pgfnodeparttextbox=\box69
) ("E:\Users\leonk\AppData\Local\Programs\MiKTeX 2.9\tex/generic/pgf/modules\pgfmoduleplot.code.tex"
File: pgfmoduleplot.code.tex 2020/01/08 v3.1.5b (3.1.5b)
) ("E:\Users\leonk\AppData\Local\Programs\MiKTeX 2.9\tex/latex/pgf/compatibility\pgfcomp-version-0-65.sty"
Package: pgfcomp-version-0-65 2020/01/08 v3.1.5b (3.1.5b)
\pgf@nodesepstart=\dimen270
\pgf@nodesepend=\dimen271
) ("E:\Users\leonk\AppData\Local\Programs\MiKTeX 2.9\tex/latex/pgf/compatibility\pgfcomp-version-1-18.sty"
Package: pgfcomp-version-1-18 2020/01/08 v3.1.5b (3.1.5b)
)) ("E:\Users\leonk\AppData\Local\Programs\MiKTeX 2.9\tex/latex/pgf/utilities\pgffor.sty" ("E:\Users\leonk\AppData\Local\Programs\MiKTeX 2.9\tex/latex/pgf/utilities\pgfkeys.sty" ("E:\Users\leonk\AppData\Local\Programs\MiKTeX 2.9\tex/generic/pgf/utilities\pgfkeys.code.tex")) ("E:\Users\leonk\AppData\Local\Programs\MiKTeX 2.9\tex/latex/pgf/math\pgfmath.sty" ("E:\Users\leonk\AppData\Local\Programs\MiKTeX 2.9\tex/generic/pgf/math\pgfmath.code.tex"))
("E:\Users\leonk\AppData\Local\Programs\MiKTeX 2.9\tex/generic/pgf/utilities\pgffor.code.tex"
Package: pgffor 2020/01/08 v3.1.5b (3.1.5b)
 ("E:\Users\leonk\AppData\Local\Programs\MiKTeX 2.9\tex/generic/pgf/math\pgfmath.code.tex")
\pgffor@iter=\dimen272
\pgffor@skip=\dimen273
\pgffor@stack=\toks37
\pgffor@toks=\toks38
)) ("E:\Users\leonk\AppData\Local\Programs\MiKTeX 2.9\tex/generic/pgf/frontendlayer/tikz\tikz.code.tex"
Package: tikz 2020/01/08 v3.1.5b (3.1.5b)
 ("E:\Users\leonk\AppData\Local\Programs\MiKTeX 2.9\tex/generic/pgf/libraries\pgflibraryplothandlers.code.tex"
File: pgflibraryplothandlers.code.tex 2020/01/08 v3.1.5b (3.1.5b)
\pgf@plot@mark@count=\count308
\pgfplotmarksize=\dimen274
)
\tikz@lastx=\dimen275
\tikz@lasty=\dimen276
\tikz@lastxsaved=\dimen277
\tikz@lastysaved=\dimen278
\tikz@lastmovetox=\dimen279
\tikz@lastmovetoy=\dimen280
\tikzleveldistance=\dimen281
\tikzsiblingdistance=\dimen282
\tikz@figbox=\box70
\tikz@figbox@bg=\box71
\tikz@tempbox=\box72
\tikz@tempbox@bg=\box73
\tikztreelevel=\count309
\tikznumberofchildren=\count310
\tikznumberofcurrentchild=\count311
\tikz@fig@count=\count312
 ("E:\Users\leonk\AppData\Local\Programs\MiKTeX 2.9\tex/generic/pgf/modules\pgfmodulematrix.code.tex"
File: pgfmodulematrix.code.tex 2020/01/08 v3.1.5b (3.1.5b)
\pgfmatrixcurrentrow=\count313
\pgfmatrixcurrentcolumn=\count314
\pgf@matrix@numberofcolumns=\count315
)
\tikz@expandcount=\count316
 ("E:\Users\leonk\AppData\Local\Programs\MiKTeX 2.9\tex/generic/pgf/frontendlayer/tikz/libraries\tikzlibrarytopaths.code.tex"
File: tikzlibrarytopaths.code.tex 2020/01/08 v3.1.5b (3.1.5b)
))) ("E:\Users\leonk\AppData\Local\Programs\MiKTeX 2.9\tex/generic/pgf/frontendlayer/tikz/libraries\tikzlibrarypositioning.code.tex"
File: tikzlibrarypositioning.code.tex 2020/01/08 v3.1.5b (3.1.5b)
) ("E:\Users\leonk\AppData\Local\Programs\MiKTeX 2.9\tex/generic/pgf/frontendlayer/tikz/libraries\tikzlibraryshadows.code.tex"
File: tikzlibraryshadows.code.tex 2020/01/08 v3.1.5b (3.1.5b)
 ("E:\Users\leonk\AppData\Local\Programs\MiKTeX 2.9\tex/generic/pgf/frontendlayer/tikz/libraries\tikzlibraryfadings.code.tex"
File: tikzlibraryfadings.code.tex 2020/01/08 v3.1.5b (3.1.5b)
 ("E:\Users\leonk\AppData\Local\Programs\MiKTeX 2.9\tex/generic/pgf/libraries\pgflibraryfadings.code.tex"
File: pgflibraryfadings.code.tex 2020/01/08 v3.1.5b (3.1.5b)
))) ("E:\Users\leonk\AppData\Local\Programs\MiKTeX 2.9\tex/latex/tools\calc.sty"
Package: calc 2017/05/25 v4.3 Infix arithmetic (KKT,FJ)
\calc@Acount=\count317
\calc@Bcount=\count318
\calc@Adimen=\dimen283
\calc@Bdimen=\dimen284
\calc@Askip=\skip93
\calc@Bskip=\skip94
LaTeX Info: Redefining \setlength on input line 80.
LaTeX Info: Redefining \addtolength on input line 81.
\calc@Ccount=\count319
\calc@Cskip=\skip95
)
\c@@todonotes@numberoftodonotes=\count320
) ("E:\Users\leonk\AppData\Local\Programs\MiKTeX 2.9\tex/latex/siunitx\siunitx.sty" ("E:\Users\leonk\AppData\Local\Programs\MiKTeX 2.9\tex/latex/l3kernel\expl3.sty"
Package: expl3 2020-03-06 L3 programming layer (loader) 
 ("E:\Users\leonk\AppData\Local\Programs\MiKTeX 2.9\tex/latex/l3backend\l3backend-pdfmode.def"
File: l3backend-pdfmode.def 2020-03-12 L3 backend support: PDF mode
\l__kernel_color_stack_int=\count321
\l__pdf_internal_box=\box74
)) ("E:\Users\leonk\AppData\Local\Programs\MiKTeX 2.9\tex/latex/l3packages/xparse\xparse.sty"
Package: xparse 2020-03-06 L3 Experimental document command parser
\l__xparse_current_arg_int=\count322
\g__xparse_grabber_int=\count323
\l__xparse_m_args_int=\count324
\l__xparse_v_nesting_int=\count325
)
Package: siunitx 2020/02/25 v2.8b A comprehensive (SI) units package
 ("E:\Users\leonk\AppData\Local\Programs\MiKTeX 2.9\tex/latex/amsmath\amstext.sty"
Package: amstext 2000/06/29 v2.01 AMS text
 ("E:\Users\leonk\AppData\Local\Programs\MiKTeX 2.9\tex/latex/amsmath\amsgen.sty"
File: amsgen.sty 1999/11/30 v2.0 generic functions
\@emptytoks=\toks39
\ex@=\dimen285
)) ("E:\Users\leonk\AppData\Local\Programs\MiKTeX 2.9\tex/latex/l3packages/l3keys2e\l3keys2e.sty"
Package: l3keys2e 2020-03-06 LaTeX2e option processing using LaTeX3 keys
)
\l__siunitx_tmp_box=\box75
\l__siunitx_tmp_dim=\dimen286
\l__siunitx_tmp_int=\count326
\l__siunitx_number_mantissa_length_int=\count327
\l__siunitx_number_uncert_length_int=\count328
\l__siunitx_round_int=\count329
\l__siunitx_process_decimal_int=\count330
\l__siunitx_process_uncertainty_int=\count331
\l__siunitx_process_fixed_int=\count332
\l__siunitx_process_integer_min_int=\count333
\l__siunitx_process_precision_int=\count334
\l__siunitx_group_min_int=\count335
\l__siunitx_angle_marker_box=\box76
\l__siunitx_angle_unit_box=\box77
\l__siunitx_angle_marker_dim=\dimen287
\l__siunitx_angle_unit_dim=\dimen288
\l__siunitx_unit_int=\count336
\l__siunitx_unit_denominator_int=\count337
\l__siunitx_unit_numerator_int=\count338
\l__siunitx_unit_prefix_int=\count339
\l__siunitx_unit_prefix_base_int=\count340
\l__siunitx_unit_prefix_gram_int=\count341
\l__siunitx_number_product_int=\count342
\c__siunitx_one_fill_skip=\skip96
\l__siunitx_table_unit_align_skip=\skip97
\l__siunitx_table_exponent_dim=\dimen289
\l__siunitx_table_integer_dim=\dimen290
\l__siunitx_table_mantissa_dim=\dimen291
\l__siunitx_table_marker_dim=\dimen292
\l__siunitx_table_result_dim=\dimen293
\l__siunitx_table_uncert_dim=\dimen294
\l__siunitx_table_fill_pre_dim=\dimen295
\l__siunitx_table_fill_post_dim=\dimen296
\l__siunitx_table_fill_mid_dim=\dimen297
\l__siunitx_table_pre_box=\box78
\l__siunitx_table_post_box=\box79
\l__siunitx_table_mantissa_box=\box80
\l__siunitx_table_result_box=\box81
\l__siunitx_table_number_align_skip=\skip98
\l__siunitx_table_text_align_skip=\skip99
 ("E:\Users\leonk\AppData\Local\Programs\MiKTeX 2.9\tex/latex/translator\translator.sty"
Package: translator 2019-05-31 v1.12a Easy translation of strings in LaTeX
)) ("E:\Users\leonk\AppData\Local\Programs\MiKTeX 2.9\tex/latex/tools\longtable.sty"
Package: longtable 2020/01/07 v4.13 Multi-page Table package (DPC)
\LTleft=\skip100
\LTright=\skip101
\LTpre=\skip102
\LTpost=\skip103
\LTchunksize=\count343
\LTcapwidth=\dimen298
\LT@head=\box82
\LT@firsthead=\box83
\LT@foot=\box84
\LT@lastfoot=\box85
\LT@cols=\count344
\LT@rows=\count345
\c@LT@tables=\count346
\c@LT@chunks=\count347
\LT@p@ftn=\toks40
)
Class scrbook Info: longtable captions redefined on input line 75.
 ("E:\Users\leonk\AppData\Local\Programs\MiKTeX 2.9\tex/generic/pdftex\glyphtounicode.tex") ("E:\Users\leonk\AppData\Local\Programs\MiKTeX 2.9\tex/latex/koma-script\scrlayer-scrpage.sty"
Package: scrlayer-scrpage 2020/01/24 v3.29 KOMA-Script package (end user interface for scrlayer)
 ("E:\Users\leonk\AppData\Local\Programs\MiKTeX 2.9\tex/latex/koma-script\scrlayer.sty"
Package: scrlayer 2020/01/24 v3.29 KOMA-Script package (defining layers and page styles)
Package scrlayer Info: Using already defined \footheight
(scrlayer)             hoping, that this is a length and
(scrlayer)             not only a macro on input line 109.
Package scrlayer Info: patching LaTeX kernel macro \pagestyle on input line 2106.
)
Package scrlayer-scrpage Info: Makeing stand-alone element `pagehead' from
(scrlayer-scrpage)             alias to `pageheadfoot' on input line 1244.
Package scrlayer-scrpage Info: deactivating warning for font element
(scrlayer-scrpage)             `pagefoot' on input line 1271.
)
Package scrlayer-scrpage Info: auto-selection of `pagestyleset=KOMA-Script'.

1: section
1: chapter
1: chapter
1: section
("E:\Users\leonk\AppData\Local\Programs\MiKTeX 2.9\tex/latex/koma-script\scrhack.sty"
Package: scrhack 2020/01/24 v3.29 KOMA-Script package (hacking other packages)
 ("E:\Users\leonk\AppData\Local\Programs\MiKTeX 2.9\tex/latex/xpatch\xpatch.sty"
Package: xpatch 2020/03/25 v0.3a Extending etoolbox patching commands
 ("E:\Users\leonk\AppData\Local\Programs\MiKTeX 2.9\tex/latex/etoolbox\etoolbox.sty"
Package: etoolbox 2019/09/21 v2.5h e-TeX tools for LaTeX (JAW)
\etb@tempcnta=\count348
))
Package scrhack Info: loading listings hack on input line 183.
 ("E:\Users\leonk\AppData\Local\Programs\MiKTeX 2.9\tex/latex/koma-script\listings.hak"
File: listings.hak 2020/01/24 v3.29 KOMA-Script scrhack part (hacking package listings)
Package tocbasic Info: setting babel extension for `lol' on input line 137.
Package scrhack Info: redefining \lstlistoflistings on input line 137.
))
Package scrhack Info: hyperref hack deactivated because of
(scrhack)             detection of KOMA-Script class, that doesn't
(scrhack)             need that hack, on input line 150.
 ("E:\Users\leonk\AppData\Local\Programs\MiKTeX 2.9\tex/latex/hyperref\hyperref.sty"
Package: hyperref 2020/01/14 v7.00d Hypertext links for LaTeX
 ("E:\Users\leonk\AppData\Local\Programs\MiKTeX 2.9\tex/generic/ltxcmds\ltxcmds.sty"
Package: ltxcmds 2019/12/15 v1.24 LaTeX kernel commands for general use (HO)
) ("E:\Users\leonk\AppData\Local\Programs\MiKTeX 2.9\tex/generic/iftex\iftex.sty"
Package: iftex 2020/03/06 v1.0d TeX engine tests
) ("E:\Users\leonk\AppData\Local\Programs\MiKTeX 2.9\tex/latex/pdftexcmds\pdftexcmds.sty"
Package: pdftexcmds 2019/11/24 v0.31 Utility functions of pdfTeX for LuaTeX (HO)
 ("E:\Users\leonk\AppData\Local\Programs\MiKTeX 2.9\tex/generic/infwarerr\infwarerr.sty"
Package: infwarerr 2019/12/03 v1.5 Providing info/warning/error messages (HO)
)
Package pdftexcmds Info: \pdf@primitive is available.
Package pdftexcmds Info: \pdf@ifprimitive is available.
Package pdftexcmds Info: \pdfdraftmode found.
) ("E:\Users\leonk\AppData\Local\Programs\MiKTeX 2.9\tex/generic/kvsetkeys\kvsetkeys.sty"
Package: kvsetkeys 2019/12/15 v1.18 Key value parser (HO)
) ("E:\Users\leonk\AppData\Local\Programs\MiKTeX 2.9\tex/generic/kvdefinekeys\kvdefinekeys.sty"
Package: kvdefinekeys 2019-12-19 v1.6 Define keys (HO)
) ("E:\Users\leonk\AppData\Local\Programs\MiKTeX 2.9\tex/generic/pdfescape\pdfescape.sty"
Package: pdfescape 2019/12/09 v1.15 Implements pdfTeX's escape features (HO)
) ("E:\Users\leonk\AppData\Local\Programs\MiKTeX 2.9\tex/latex/hycolor\hycolor.sty"
Package: hycolor 2020-01-27 v1.10 Color options for hyperref/bookmark (HO)
) ("E:\Users\leonk\AppData\Local\Programs\MiKTeX 2.9\tex/latex/letltxmacro\letltxmacro.sty"
Package: letltxmacro 2019/12/03 v1.6 Let assignment for LaTeX macros (HO)
) ("E:\Users\leonk\AppData\Local\Programs\MiKTeX 2.9\tex/latex/auxhook\auxhook.sty"
Package: auxhook 2019-12-17 v1.6 Hooks for auxiliary files (HO)
) ("E:\Users\leonk\AppData\Local\Programs\MiKTeX 2.9\tex/latex/kvoptions\kvoptions.sty"
Package: kvoptions 2019/11/29 v3.13 Key value format for package options (HO)
)
\@linkdim=\dimen299
\Hy@linkcounter=\count349
\Hy@pagecounter=\count350
 ("E:\Users\leonk\AppData\Local\Programs\MiKTeX 2.9\tex/latex/hyperref\pd1enc.def"
File: pd1enc.def 2020/01/14 v7.00d Hyperref: PDFDocEncoding definition (HO)
Now handling font encoding PD1 ...
... no UTF-8 mapping file for font encoding PD1
) ("E:\Users\leonk\AppData\Local\Programs\MiKTeX 2.9\tex/generic/intcalc\intcalc.sty"
Package: intcalc 2019/12/15 v1.3 Expandable calculations with integers (HO)
) ("E:\Users\leonk\AppData\Local\Programs\MiKTeX 2.9\tex/generic/etexcmds\etexcmds.sty"
Package: etexcmds 2019/12/15 v1.7 Avoid name clashes with e-TeX commands (HO)
)
\Hy@SavedSpaceFactor=\count351
Package hyperref Info: Option `unicode' set `true' on input line 4421.
 ("E:\Users\leonk\AppData\Local\Programs\MiKTeX 2.9\tex/latex/hyperref\puenc.def"
File: puenc.def 2020/01/14 v7.00d Hyperref: PDF Unicode definition (HO)
Now handling font encoding PU ...
... no UTF-8 mapping file for font encoding PU
)
Package hyperref Info: Option `bookmarks' set `true' on input line 4421.
Package hyperref Info: Option `bookmarksnumbered' set `false' on input line 4421.
Package hyperref Info: Option `bookmarksopen' set `false' on input line 4421.
Package hyperref Info: Option `breaklinks' set `true' on input line 4421.
Package hyperref Info: Option `colorlinks' set `false' on input line 4421.
Package hyperref Info: Hyper figures OFF on input line 4547.
Package hyperref Info: Link nesting OFF on input line 4552.
Package hyperref Info: Hyper index ON on input line 4555.
Package hyperref Info: Plain pages OFF on input line 4562.
Package hyperref Info: Backreferencing OFF on input line 4567.
Package hyperref Info: Implicit mode ON; LaTeX internals redefined.
Package hyperref Info: Bookmarks ON on input line 4800.
\c@Hy@tempcnt=\count352
LaTeX Info: Redefining \url on input line 5159.
\XeTeXLinkMargin=\dimen300
 ("E:\Users\leonk\AppData\Local\Programs\MiKTeX 2.9\tex/generic/bitset\bitset.sty"
Package: bitset 2019/12/09 v1.3 Handle bit-vector datatype (HO)
 ("E:\Users\leonk\AppData\Local\Programs\MiKTeX 2.9\tex/generic/bigintcalc\bigintcalc.sty"
Package: bigintcalc 2019/12/15 v1.5 Expandable calculations on big integers (HO)
))
\Fld@menulength=\count353
\Field@Width=\dimen301
\Fld@charsize=\dimen302
Package hyperref Info: Hyper figures OFF on input line 6430.
Package hyperref Info: Link nesting OFF on input line 6435.
Package hyperref Info: Hyper index ON on input line 6438.
Package hyperref Info: backreferencing OFF on input line 6445.
Package hyperref Info: Link coloring OFF on input line 6450.
Package hyperref Info: Link coloring with OCG OFF on input line 6455.
Package hyperref Info: PDF/A mode OFF on input line 6460.
LaTeX Info: Redefining \ref on input line 6500.
LaTeX Info: Redefining \pageref on input line 6504.
 ("E:\Users\leonk\AppData\Local\Programs\MiKTeX 2.9\tex/generic/atbegshi\atbegshi.sty"
Package: atbegshi 2019/12/05 v1.19 At begin shipout hook (HO)
)
\Hy@abspage=\count354
\c@Item=\count355
\c@Hfootnote=\count356
)
Package hyperref Info: Driver (autodetected): hpdftex.
 ("E:\Users\leonk\AppData\Local\Programs\MiKTeX 2.9\tex/latex/hyperref\hpdftex.def"
File: hpdftex.def 2020/01/14 v7.00d Hyperref driver for pdfTeX
 ("E:\Users\leonk\AppData\Local\Programs\MiKTeX 2.9\tex/latex/atveryend\atveryend.sty"
Package: atveryend 2019-12-11 v1.11 Hooks at the very end of document (HO)
)
\Fld@listcount=\count357
\c@bookmark@seq@number=\count358
 ("E:\Users\leonk\AppData\Local\Programs\MiKTeX 2.9\tex/latex/rerunfilecheck\rerunfilecheck.sty"
Package: rerunfilecheck 2019/12/05 v1.9 Rerun checks for auxiliary files (HO)
 ("E:\Users\leonk\AppData\Local\Programs\MiKTeX 2.9\tex/generic/uniquecounter\uniquecounter.sty"
Package: uniquecounter 2019/12/15 v1.4 Provide unlimited unique counter (HO)
)
Package uniquecounter Info: New unique counter `rerunfilecheck' on input line 286.
)
\Hy@SectionHShift=\skip104
) (c:\Users\leonk\Desktop\NICKEL\protocol.aux)
\openout1 = `protocol.aux'.

LaTeX Font Info:    Checking defaults for OML/cmm/m/it on input line 169.
LaTeX Font Info:    ... okay on input line 169.
LaTeX Font Info:    Checking defaults for OMS/cmsy/m/n on input line 169.
LaTeX Font Info:    ... okay on input line 169.
LaTeX Font Info:    Checking defaults for OT1/cmr/m/n on input line 169.
LaTeX Font Info:    ... okay on input line 169.
LaTeX Font Info:    Checking defaults for T1/cmr/m/n on input line 169.
LaTeX Font Info:    ... okay on input line 169.
LaTeX Font Info:    Checking defaults for TS1/cmr/m/n on input line 169.
LaTeX Font Info:    ... okay on input line 169.
LaTeX Font Info:    Checking defaults for OMX/cmex/m/n on input line 169.
LaTeX Font Info:    ... okay on input line 169.
LaTeX Font Info:    Checking defaults for U/cmr/m/n on input line 169.
LaTeX Font Info:    ... okay on input line 169.
LaTeX Font Info:    Checking defaults for PD1/pdf/m/n on input line 169.
LaTeX Font Info:    ... okay on input line 169.
LaTeX Font Info:    Checking defaults for PU/pdf/m/n on input line 169.
LaTeX Font Info:    ... okay on input line 169.
LaTeX Font Info:    Trying to load font information for T1+lmr on input line 169.
 ("E:\Users\leonk\AppData\Local\Programs\MiKTeX 2.9\tex/latex/lm\t1lmr.fd"
File: t1lmr.fd 2009/10/30 v1.6 Font defs for Latin Modern
)
Package lastpage Info: Please have a look at the pageslts package at
(lastpage)             https://www.ctan.org/pkg/pageslts
(lastpage)             ! on input line 169.
\c@lstlisting=\count359
 ("E:\Users\leonk\AppData\Local\Programs\MiKTeX 2.9\tex/context/base/mkii\supp-pdf.mkii"
[Loading MPS to PDF converter (version 2006.09.02).]
\scratchcounter=\count360
\scratchdimen=\dimen303
\scratchbox=\box86
\nofMPsegments=\count361
\nofMParguments=\count362
\everyMPshowfont=\toks41
\MPscratchCnt=\count363
\MPscratchDim=\dimen304
\MPnumerator=\count364
\makeMPintoPDFobject=\count365
\everyMPtoPDFconversion=\toks42
) ("E:\Users\leonk\AppData\Local\Programs\MiKTeX 2.9\tex/latex/epstopdf-pkg\epstopdf-base.sty"
Package: epstopdf-base 2020-01-24 v2.11 Base part for package epstopdf
Package epstopdf-base Info: Redefining graphics rule for `.eps' on input line 485.
)
LaTeX Info: Redefining \microtypecontext on input line 169.
Package microtype Info: Generating PDF output.
Package microtype Info: Character protrusion enabled (level 2).
Package microtype Info: Using protrusion set `basicmath'.
Package microtype Info: Automatic font expansion enabled (level 2),
(microtype)             stretch: 20, shrink: 20, step: 1, non-selected.
Package microtype Info: Using default expansion set `basictext'.
LaTeX Info: Redefining \showhyphens on input line 169.
Package microtype Info: No adjustment of tracking.
Package microtype Info: No adjustment of interword spacing.
Package microtype Info: No adjustment of character kerning.
 ("E:\Users\leonk\AppData\Local\Programs\MiKTeX 2.9\tex/latex/microtype\mt-cmr.cfg"
File: mt-cmr.cfg 2013/05/19 v2.2 microtype config. file: Computer Modern Roman (RS)
)
Package caption Info: Begin \AtBeginDocument code.
Package caption Info: hyperref package is loaded.
Package caption Info: longtable package is loaded.
 ("E:\Users\leonk\AppData\Local\Programs\MiKTeX 2.9\tex/latex/caption\ltcaption.sty"
Package: ltcaption 2018/08/26 v1.4a longtable captions (AR)
)
Package caption Info: End \AtBeginDocument code.
 ABD: EveryShipout initializing macros ("E:\Users\leonk\AppData\Local\Programs\MiKTeX 2.9\tex/latex/translator\translator-basic-dictionary-English.dict"
Dictionary: translator-basic-dictionary, Language: English 
) ("E:\Users\leonk\AppData\Local\Programs\MiKTeX 2.9\tex/latex/siunitx\siunitx-abbreviations.cfg"
File: siunitx-abbreviations.cfg 2017/11/26 v2.7k siunitx: Abbreviated units
) ("E:\Users\leonk\AppData\Local\Programs\MiKTeX 2.9\tex/latex/siunitx\siunitx-binary.cfg"
File: siunitx-binary.cfg 2017/11/26 v2.7k siunitx: Binary units
)
Package scrhack Info: undefining \float@addtolists on input line 169.
\AtBeginShipoutBox=\box87
Package hyperref Info: Link coloring OFF on input line 169.
 ("E:\Users\leonk\AppData\Local\Programs\MiKTeX 2.9\tex/latex/hyperref\nameref.sty"
Package: nameref 2019/09/16 v2.46 Cross-referencing by name of section
 ("E:\Users\leonk\AppData\Local\Programs\MiKTeX 2.9\tex/latex/refcount\refcount.sty"
Package: refcount 2019/12/15 v3.6 Data extraction from label references (HO)
) ("E:\Users\leonk\AppData\Local\Programs\MiKTeX 2.9\tex/generic/gettitlestring\gettitlestring.sty"
Package: gettitlestring 2019/12/15 v1.6 Cleanup title references (HO)
)
\c@section@level=\count366
)
LaTeX Info: Redefining \ref on input line 169.
LaTeX Info: Redefining \pageref on input line 169.
LaTeX Info: Redefining \nameref on input line 169.
 (c:\Users\leonk\Desktop\NICKEL\protocol.out) (c:\Users\leonk\Desktop\NICKEL\protocol.out)
\@outlinefile=\write4
\openout4 = `protocol.out'.

Class scrbook Info: loading recommended package `bookmark'.
(scrbook)           Using `bookmark' together with `hyperref' is recommended,
(scrbook)           because of handling of possible bookmark level gaps.
(scrbook)           You can avoid loading `bookmark' with KOMA-Script option
(scrbook)           `bookmarkpackage=false' before \begin{document} and
(scrbook)           you can avoid this message adding:
(scrbook)             \usepackage{bookmark}
(scrbook)           before \begin{document} on input line 169.
 ("E:\Users\leonk\AppData\Local\Programs\MiKTeX 2.9\tex/latex/bookmark\bookmark.sty"
Package: bookmark 2019/12/03 v1.28 PDF bookmarks (HO)
 ("E:\Users\leonk\AppData\Local\Programs\MiKTeX 2.9\tex/latex/bookmark\bkm-pdftex.def"
File: bkm-pdftex.def 2019/12/03 v1.28 bookmark driver for pdfTeX (HO)
Package auxhook Info: \AddLineBeginMainAux comes a little late,
(auxhook)             because the main .aux file is already opened on input line 168.
\BKM@id=\count367
))
LaTeX Font Info:    Trying to load font information for OT1+lmr on input line 169.
 ("E:\Users\leonk\AppData\Local\Programs\MiKTeX 2.9\tex/latex/lm\ot1lmr.fd"
File: ot1lmr.fd 2009/10/30 v1.6 Font defs for Latin Modern
)
LaTeX Font Info:    Trying to load font information for OML+lmm on input line 169.
 ("E:\Users\leonk\AppData\Local\Programs\MiKTeX 2.9\tex/latex/lm\omllmm.fd"
File: omllmm.fd 2009/10/30 v1.6 Font defs for Latin Modern
)
LaTeX Font Info:    Trying to load font information for OMS+lmsy on input line 169.
 ("E:\Users\leonk\AppData\Local\Programs\MiKTeX 2.9\tex/latex/lm\omslmsy.fd"
File: omslmsy.fd 2009/10/30 v1.6 Font defs for Latin Modern
)
LaTeX Font Info:    Trying to load font information for OMX+lmex on input line 169.
 ("E:\Users\leonk\AppData\Local\Programs\MiKTeX 2.9\tex/latex/lm\omxlmex.fd"
File: omxlmex.fd 2009/10/30 v1.6 Font defs for Latin Modern
)
LaTeX Font Info:    External font `lmex10' loaded for size
(Font)              <12> on input line 169.
LaTeX Font Info:    External font `lmex10' loaded for size
(Font)              <8> on input line 169.
LaTeX Font Info:    External font `lmex10' loaded for size
(Font)              <6> on input line 169.
LaTeX Font Info:    Trying to load font information for OT1+lmss on input line 169.
 ("E:\Users\leonk\AppData\Local\Programs\MiKTeX 2.9\tex/latex/lm\ot1lmss.fd"
File: ot1lmss.fd 2009/10/30 v1.6 Font defs for Latin Modern
)
Package microtype Info: Loading generic protrusion settings for font family
(microtype)             `lmss' (encoding: OT1).
(microtype)             For optimal results, create family-specific settings.
(microtype)             See the microtype manual for details.
LaTeX Font Info:    Trying to load font information for OT1+lmtt on input line 169.
 ("E:\Users\leonk\AppData\Local\Programs\MiKTeX 2.9\tex/latex/lm\ot1lmtt.fd"
File: ot1lmtt.fd 2009/10/30 v1.6 Font defs for Latin Modern
)
Package epstopdf Info: Source file: <HTL3RLogoRGB.eps>
(epstopdf)                    date: 2020-04-17 15:07:13
(epstopdf)                    size: 525362 bytes
(epstopdf)             Output file: <HTL3RLogoRGB-eps-converted-to.pdf>
(epstopdf)                    date: 2020-04-17 15:07:23
(epstopdf)                    size: 14771 bytes
(epstopdf)             Command: <epstopdf --outfile=HTL3RLogoRGB-eps-converted-to.pdf HTL3RLogoRGB.eps>
(epstopdf)             \includegraphics on input line 174.
Package epstopdf Info: Output file is already uptodate.


pdfTeX warning: pdflatex (file c:/Users/leonk/Desktop/NICKEL/HTL3RLogoRGB-eps-converted-to.pdf): PDF inclusion: found PDF version <1.7>, but at most version <1.5> allowed
<HTL3RLogoRGB-eps-converted-to.pdf, id=30, 357.335pt x 136.51pt>
File: HTL3RLogoRGB-eps-converted-to.pdf Graphic file (type pdf)
<use HTL3RLogoRGB-eps-converted-to.pdf>
Package pdftex.def Info: HTL3RLogoRGB-eps-converted-to.pdf  used on input line 174.
(pdftex.def)             Requested size: 128.03526pt x 48.91234pt.
Package microtype Info: Character `029' is missing
(microtype)             in font `T1/lmr/m/sc/10'.
(microtype)             Ignoring protrusion settings for this character.

Underfull \hbox (badness 10000) in paragraph at lines 181--181

 []


Overfull \hbox (78.8237pt too wide) in paragraph at lines 174--183
[][]  [] 
 []


Overfull \hbox (11.74983pt too wide) in paragraph at lines 173--184
[][] 
 []

[1



{C:/Users/leonk/AppData/Local/MiKTeX/2.9/pdftex/config/pdftex.map} <c:/Users/leonk/Desktop/NICKEL/HTL3RLogoRGB-eps-converted-to.pdf>] [2


]
LaTeX Font Info:    Trying to load font information for T1+lmss on input line 221.
 ("E:\Users\leonk\AppData\Local\Programs\MiKTeX 2.9\tex/latex/lm\t1lmss.fd"
File: t1lmss.fd 2009/10/30 v1.6 Font defs for Latin Modern
)
Package microtype Info: Loading generic protrusion settings for font family
(microtype)             `lmss' (encoding: T1).
(microtype)             For optimal results, create family-specific settings.
(microtype)             See the microtype manual for details.
Package tocbasic Info: character protrusion at toc deactivated on input line 221.
 (c:\Users\leonk\Desktop\NICKEL\protocol.toc)
\tf@toc=\write5
\openout5 = `protocol.toc'.

LaTeX Font Info:    External font `lmex10' loaded for size
(Font)              <10> on input line 222.
LaTeX Font Info:    External font `lmex10' loaded for size
(Font)              <7> on input line 222.
LaTeX Font Info:    External font `lmex10' loaded for size
(Font)              <5> on input line 222.
Package epstopdf Info: Source file: <HTL3RLogoRGB.eps>
(epstopdf)                    date: 2020-04-17 15:07:13
(epstopdf)                    size: 525362 bytes
(epstopdf)             Output file: <HTL3RLogoRGB-eps-converted-to.pdf>
(epstopdf)                    date: 2020-04-17 15:07:23
(epstopdf)                    size: 14771 bytes
(epstopdf)             Command: <epstopdf --outfile=HTL3RLogoRGB-eps-converted-to.pdf HTL3RLogoRGB.eps>
(epstopdf)             \includegraphics on input line 222.
Package epstopdf Info: Output file is already uptodate.
File: HTL3RLogoRGB-eps-converted-to.pdf Graphic file (type pdf)
<use HTL3RLogoRGB-eps-converted-to.pdf>
Package pdftex.def Info: HTL3RLogoRGB-eps-converted-to.pdf  used on input line 222.
(pdftex.def)             Requested size: 71.12767pt x 27.17236pt.
 [3


] [4


]
chapter 1.
(c:\Users\leonk\Desktop\NICKEL\sections/kubernetes.tex
<./images/kuber.png, id=98, 945.5325pt x 684.5575pt>
File: ./images/kuber.png Graphic file (type png)
<use ./images/kuber.png>
Package pdftex.def Info: ./images/kuber.png  used on input line 28.
(pdftex.def)             Requested size: 348.75948pt x 252.49889pt.
Package epstopdf Info: Source file: <HTL3RLogoRGB.eps>
(epstopdf)                    date: 2020-04-17 15:07:13
(epstopdf)                    size: 525362 bytes
(epstopdf)             Output file: <HTL3RLogoRGB-eps-converted-to.pdf>
(epstopdf)                    date: 2020-04-17 15:07:23
(epstopdf)                    size: 14771 bytes
(epstopdf)             Command: <epstopdf --outfile=HTL3RLogoRGB-eps-converted-to.pdf HTL3RLogoRGB.eps>
(epstopdf)             \includegraphics on input line 45.
Package epstopdf Info: Output file is already uptodate.
File: HTL3RLogoRGB-eps-converted-to.pdf Graphic file (type pdf)
<use HTL3RLogoRGB-eps-converted-to.pdf>
Package pdftex.def Info: HTL3RLogoRGB-eps-converted-to.pdf  used on input line 45.
(pdftex.def)             Requested size: 71.12767pt x 27.17236pt.
pdfTeX warning (ext4): destination with the same identifier (name{page.1}) has been already used, duplicate ignored
<to be read again> 
                   \relax 
l.45 
      [1




]
Package epstopdf Info: Source file: <HTL3RLogoRGB.eps>
(epstopdf)                    date: 2020-04-17 15:07:13
(epstopdf)                    size: 525362 bytes
(epstopdf)             Output file: <HTL3RLogoRGB-eps-converted-to.pdf>
(epstopdf)                    date: 2020-04-17 15:07:23
(epstopdf)                    size: 14771 bytes
(epstopdf)             Command: <epstopdf --outfile=HTL3RLogoRGB-eps-converted-to.pdf HTL3RLogoRGB.eps>
(epstopdf)             \includegraphics on input line 51.
Package epstopdf Info: Output file is already uptodate.
File: HTL3RLogoRGB-eps-converted-to.pdf Graphic file (type pdf)
<use HTL3RLogoRGB-eps-converted-to.pdf>
Package pdftex.def Info: HTL3RLogoRGB-eps-converted-to.pdf  used on input line 51.
(pdftex.def)             Requested size: 71.12767pt x 27.17236pt.
pdfTeX warning (ext4): destination with the same identifier (name{page.2}) has been already used, duplicate ignored
<to be read again> 
                   \relax 
l.51 \section{Installation}\label{installation}}
                                                 [2 <./images/kuber.png>] ("E:\Users\leonk\AppData\Local\Programs\MiKTeX 2.9\tex/latex/listings\lstlang1.sty"
File: lstlang1.sty 2019/09/10 1.8c listings language file
) ("E:\Users\leonk\AppData\Local\Programs\MiKTeX 2.9\tex/latex/listings\lstlang1.sty"
File: lstlang1.sty 2019/09/10 1.8c listings language file
)
Overfull \hbox (1.16039pt too wide) in paragraph at lines 75--76
[][][][][][][][][][][][][][][][][][][][] 
 []


Overfull \hbox (1.16039pt too wide) in paragraph at lines 76--77
[][][][][][][][][][][][][][][][][][][][] 
 []

Package epstopdf Info: Source file: <HTL3RLogoRGB.eps>
(epstopdf)                    date: 2020-04-17 15:07:13
(epstopdf)                    size: 525362 bytes
(epstopdf)             Output file: <HTL3RLogoRGB-eps-converted-to.pdf>
(epstopdf)                    date: 2020-04-17 15:07:23
(epstopdf)                    size: 14771 bytes
(epstopdf)             Command: <epstopdf --outfile=HTL3RLogoRGB-eps-converted-to.pdf HTL3RLogoRGB.eps>
(epstopdf)             \includegraphics on input line 82.
Package epstopdf Info: Output file is already uptodate.
File: HTL3RLogoRGB-eps-converted-to.pdf Graphic file (type pdf)
<use HTL3RLogoRGB-eps-converted-to.pdf>
Package pdftex.def Info: HTL3RLogoRGB-eps-converted-to.pdf  used on input line 82.
(pdftex.def)             Requested size: 71.12767pt x 27.17236pt.
pdfTeX warning (ext4): destination with the same identifier (name{page.3}) has been already used, duplicate ignored
<to be read again> 
                   \relax 
l.82 \section{Installation}\label{installation-1}}
                                                   [3]
Overfull \hbox (191.50923pt too wide) in paragraph at lines 93--94
[][][][][][][][][][][][][][][][][][][][][][][][][][][][][] 
 []


Overfull \hbox (64.61pt too wide) in paragraph at lines 100--101
[][][][][][][][][][][][][][][][][][][][][][][][][][][][][][][] 
 []


Overfull \hbox (8.21034pt too wide) in paragraph at lines 107--108
[][][][][][][][][][][][][][][][][][][][][][][][][][] 
 []

Package epstopdf Info: Source file: <HTL3RLogoRGB.eps>
(epstopdf)                    date: 2020-04-17 15:07:13
(epstopdf)                    size: 525362 bytes
(epstopdf)             Output file: <HTL3RLogoRGB-eps-converted-to.pdf>
(epstopdf)                    date: 2020-04-17 15:07:23
(epstopdf)                    size: 14771 bytes
(epstopdf)             Command: <epstopdf --outfile=HTL3RLogoRGB-eps-converted-to.pdf HTL3RLogoRGB.eps>
(epstopdf)             \includegraphics on input line 142.
Package epstopdf Info: Output file is already uptodate.
File: HTL3RLogoRGB-eps-converted-to.pdf Graphic file (type pdf)
<use HTL3RLogoRGB-eps-converted-to.pdf>
Package pdftex.def Info: HTL3RLogoRGB-eps-converted-to.pdf  used on input line 142.
(pdftex.def)             Requested size: 71.12767pt x 27.17236pt.
pdfTeX warning (ext4): destination with the same identifier (name{page.4}) has been already used, duplicate ignored
<to be read again> 
                   \relax 
l.142 systemctl 
                restart docker [4]
LaTeX Font Info:    Trying to load font information for TS1+lmr on input line 162.
 ("E:\Users\leonk\AppData\Local\Programs\MiKTeX 2.9\tex/latex/lm\ts1lmr.fd"
File: ts1lmr.fd 2009/10/30 v1.6 Font defs for Latin Modern
)
Overfull \hbox (29.36021pt too wide) in paragraph at lines 176--177
[][][][][][][][][][][][][][][][][][][][][][][][][][][][][] 
 []


Overfull \hbox (142.15953pt too wide) in paragraph at lines 177--178
[][][][][][][][][][][][][][][][][][][][][][][][][][][][][][][][][][][][][][][] 
 []

Package epstopdf Info: Source file: <HTL3RLogoRGB.eps>
(epstopdf)                    date: 2020-04-17 15:07:13
(epstopdf)                    size: 525362 bytes
(epstopdf)             Output file: <HTL3RLogoRGB-eps-converted-to.pdf>
(epstopdf)                    date: 2020-04-17 15:07:23
(epstopdf)                    size: 14771 bytes
(epstopdf)             Command: <epstopdf --outfile=HTL3RLogoRGB-eps-converted-to.pdf HTL3RLogoRGB.eps>
(epstopdf)             \includegraphics on input line 196.
Package epstopdf Info: Output file is already uptodate.
File: HTL3RLogoRGB-eps-converted-to.pdf Graphic file (type pdf)
<use HTL3RLogoRGB-eps-converted-to.pdf>
Package pdftex.def Info: HTL3RLogoRGB-eps-converted-to.pdf  used on input line 196.
(pdftex.def)             Requested size: 71.12767pt x 27.17236pt.
[5]
Package epstopdf Info: Source file: <HTL3RLogoRGB.eps>
(epstopdf)                    date: 2020-04-17 15:07:13
(epstopdf)                    size: 525362 bytes
(epstopdf)             Output file: <HTL3RLogoRGB-eps-converted-to.pdf>
(epstopdf)                    date: 2020-04-17 15:07:23
(epstopdf)                    size: 14771 bytes
(epstopdf)             Command: <epstopdf --outfile=HTL3RLogoRGB-eps-converted-to.pdf HTL3RLogoRGB.eps>
(epstopdf)             \includegraphics on input line 239.
Package epstopdf Info: Output file is already uptodate.
File: HTL3RLogoRGB-eps-converted-to.pdf Graphic file (type pdf)
<use HTL3RLogoRGB-eps-converted-to.pdf>
Package pdftex.def Info: HTL3RLogoRGB-eps-converted-to.pdf  used on input line 239.
(pdftex.def)             Requested size: 71.12767pt x 27.17236pt.
 [6]
Overfull \hbox (247.90889pt too wide) in paragraph at lines 246--247
[][][][][][][][][][][][][][][][][][][][][][][][][][][][][][][][][][][][][][] 
 []

)
Package epstopdf Info: Source file: <HTL3RLogoRGB.eps>
(epstopdf)                    date: 2020-04-17 15:07:13
(epstopdf)                    size: 525362 bytes
(epstopdf)             Output file: <HTL3RLogoRGB-eps-converted-to.pdf>
(epstopdf)                    date: 2020-04-17 15:07:23
(epstopdf)                    size: 14771 bytes
(epstopdf)             Command: <epstopdf --outfile=HTL3RLogoRGB-eps-converted-to.pdf HTL3RLogoRGB.eps>
(epstopdf)             \includegraphics on input line 229.
Package epstopdf Info: Output file is already uptodate.
File: HTL3RLogoRGB-eps-converted-to.pdf Graphic file (type pdf)
<use HTL3RLogoRGB-eps-converted-to.pdf>
Package pdftex.def Info: HTL3RLogoRGB-eps-converted-to.pdf  used on input line 229.
(pdftex.def)             Requested size: 71.12767pt x 27.17236pt.
 [7] [8


]
chapter 2.
(c:\Users\leonk\Desktop\NICKEL\sections/prtg.md.tex
<./images/prtg_welcome.png, id=218, 1028.34187pt x 444.91219pt>
File: ./images/prtg_welcome.png Graphic file (type png)
<use ./images/prtg_welcome.png>
Package pdftex.def Info: ./images/prtg_welcome.png  used on input line 37.
(pdftex.def)             Requested size: 435.93329pt x 188.60655pt.
Package epstopdf Info: Source file: <HTL3RLogoRGB.eps>
(epstopdf)                    date: 2020-04-17 15:07:13
(epstopdf)                    size: 525362 bytes
(epstopdf)             Output file: <HTL3RLogoRGB-eps-converted-to.pdf>
(epstopdf)                    date: 2020-04-17 15:07:23
(epstopdf)                    size: 14771 bytes
(epstopdf)             Command: <epstopdf --outfile=HTL3RLogoRGB-eps-converted-to.pdf HTL3RLogoRGB.eps>
(epstopdf)             \includegraphics on input line 50.
Package epstopdf Info: Output file is already uptodate.
File: HTL3RLogoRGB-eps-converted-to.pdf Graphic file (type pdf)
<use HTL3RLogoRGB-eps-converted-to.pdf>
Package pdftex.def Info: HTL3RLogoRGB-eps-converted-to.pdf  used on input line 50.
(pdftex.def)             Requested size: 71.12767pt x 27.17236pt.
 [9]
<./images/prtg_architektur.png, id=228, 525.965pt x 254.9525pt>
File: ./images/prtg_architektur.png Graphic file (type png)
<use ./images/prtg_architektur.png>
Package pdftex.def Info: ./images/prtg_architektur.png  used on input line 63.
(pdftex.def)             Requested size: 435.95694pt x 211.32262pt.
<./images/prtg_linux-server.png, id=229, 855.94781pt x 261.22594pt>
File: ./images/prtg_linux-server.png Graphic file (type png)
<use ./images/prtg_linux-server.png>
Package pdftex.def Info: ./images/prtg_linux-server.png  used on input line 91.
(pdftex.def)             Requested size: 435.93988pt x 133.04408pt.
Package epstopdf Info: Source file: <HTL3RLogoRGB.eps>
(epstopdf)                    date: 2020-04-17 15:07:13
(epstopdf)                    size: 525362 bytes
(epstopdf)             Output file: <HTL3RLogoRGB-eps-converted-to.pdf>
(epstopdf)                    date: 2020-04-17 15:07:23
(epstopdf)                    size: 14771 bytes
(epstopdf)             Command: <epstopdf --outfile=HTL3RLogoRGB-eps-converted-to.pdf HTL3RLogoRGB.eps>
(epstopdf)             \includegraphics on input line 101.
Package epstopdf Info: Output file is already uptodate.
File: HTL3RLogoRGB-eps-converted-to.pdf Graphic file (type pdf)
<use HTL3RLogoRGB-eps-converted-to.pdf>
Package pdftex.def Info: HTL3RLogoRGB-eps-converted-to.pdf  used on input line 101.
(pdftex.def)             Requested size: 71.12767pt x 27.17236pt.
 [10 <./images/prtg_welcome.png>]
<./images/prtg_add_sensor.png, id=241, 1095.3422pt x 195.73125pt>
File: ./images/prtg_add_sensor.png Graphic file (type png)
<use ./images/prtg_add_sensor.png>
Package pdftex.def Info: ./images/prtg_add_sensor.png  used on input line 119.
(pdftex.def)             Requested size: 435.93964pt x 77.89986pt.
Package epstopdf Info: Source file: <HTL3RLogoRGB.eps>
(epstopdf)                    date: 2020-04-17 15:07:13
(epstopdf)                    size: 525362 bytes
(epstopdf)             Output file: <HTL3RLogoRGB-eps-converted-to.pdf>
(epstopdf)                    date: 2020-04-17 15:07:23
(epstopdf)                    size: 14771 bytes
(epstopdf)             Command: <epstopdf --outfile=HTL3RLogoRGB-eps-converted-to.pdf HTL3RLogoRGB.eps>
(epstopdf)             \includegraphics on input line 121.
Package epstopdf Info: Output file is already uptodate.
File: HTL3RLogoRGB-eps-converted-to.pdf Graphic file (type pdf)
<use HTL3RLogoRGB-eps-converted-to.pdf>
Package pdftex.def Info: HTL3RLogoRGB-eps-converted-to.pdf  used on input line 121.
(pdftex.def)             Requested size: 71.12767pt x 27.17236pt.
 [11 <./images/prtg_architektur.png> <./images/prtg_linux-server.png>]
<./images/prtg_ping_statistik.png, id=255, 1405.50093pt x 566.86781pt>
File: ./images/prtg_ping_statistik.png Graphic file (type png)
<use ./images/prtg_ping_statistik.png>
Package pdftex.def Info: ./images/prtg_ping_statistik.png  used on input line 131.
(pdftex.def)             Requested size: 435.93669pt x 175.82234pt.
<./images/prtg_http.png, id=256, 1391.95032pt x 459.96844pt>
File: ./images/prtg_http.png Graphic file (type png)
<use ./images/prtg_http.png>
Package pdftex.def Info: ./images/prtg_http.png  used on input line 145.
(pdftex.def)             Requested size: 435.93918pt x 144.05562pt.
<./images/prtg_ticker.png, id=257, 1236.87094pt x 135.50626pt>
File: ./images/prtg_ticker.png Graphic file (type png)
<use ./images/prtg_ticker.png>
Package pdftex.def Info: ./images/prtg_ticker.png  used on input line 157.
(pdftex.def)             Requested size: 435.93102pt x 47.75871pt.
Package epstopdf Info: Source file: <HTL3RLogoRGB.eps>
(epstopdf)                    date: 2020-04-17 15:07:13
(epstopdf)                    size: 525362 bytes
(epstopdf)             Output file: <HTL3RLogoRGB-eps-converted-to.pdf>
(epstopdf)                    date: 2020-04-17 15:07:23
(epstopdf)                    size: 14771 bytes
(epstopdf)             Command: <epstopdf --outfile=HTL3RLogoRGB-eps-converted-to.pdf HTL3RLogoRGB.eps>
(epstopdf)             \includegraphics on input line 163.
Package epstopdf Info: Output file is already uptodate.
File: HTL3RLogoRGB-eps-converted-to.pdf Graphic file (type pdf)
<use HTL3RLogoRGB-eps-converted-to.pdf>
Package pdftex.def Info: HTL3RLogoRGB-eps-converted-to.pdf  used on input line 163.
(pdftex.def)             Requested size: 71.12767pt x 27.17236pt.
 [12 <./images/prtg_add_sensor.png> <./images/prtg_ping_statistik.png>]
<./images/prtg-created-ticket.png, id=269, 1409.265pt x 223.58531pt>
File: ./images/prtg-created-ticket.png Graphic file (type png)
<use ./images/prtg-created-ticket.png>
Package pdftex.def Info: ./images/prtg-created-ticket.png  used on input line 166.
(pdftex.def)             Requested size: 435.92148pt x 69.1606pt.
<./images/prtg-ticket-details.png, id=271, 582.67688pt x 459.96844pt>
File: ./images/prtg-ticket-details.png Graphic file (type png)
<use ./images/prtg-ticket-details.png>
Package pdftex.def Info: ./images/prtg-ticket-details.png  used on input line 175.
(pdftex.def)             Requested size: 435.94856pt x 344.14027pt.
 ("E:\Users\leonk\AppData\Local\Programs\MiKTeX 2.9\tex/latex/listings\lstlang1.sty"
File: lstlang1.sty 2019/09/10 1.8c listings language file
)
Package epstopdf Info: Source file: <HTL3RLogoRGB.eps>
(epstopdf)                    date: 2020-04-17 15:07:13
(epstopdf)                    size: 525362 bytes
(epstopdf)             Output file: <HTL3RLogoRGB-eps-converted-to.pdf>
(epstopdf)                    date: 2020-04-17 15:07:23
(epstopdf)                    size: 14771 bytes
(epstopdf)             Command: <epstopdf --outfile=HTL3RLogoRGB-eps-converted-to.pdf HTL3RLogoRGB.eps>
(epstopdf)             \includegraphics on input line 196.
Package epstopdf Info: Output file is already uptodate.
File: HTL3RLogoRGB-eps-converted-to.pdf Graphic file (type pdf)
<use HTL3RLogoRGB-eps-converted-to.pdf>
Package pdftex.def Info: HTL3RLogoRGB-eps-converted-to.pdf  used on input line 196.
(pdftex.def)             Requested size: 71.12767pt x 27.17236pt.
 [13 <./images/prtg_http.png> <./images/prtg_ticker.png> <./images/prtg-created-ticket.png>]
<./images/prtg-export.png, id=295, 1283.54532pt x 530.73282pt>
File: ./images/prtg-export.png Graphic file (type png)
<use ./images/prtg-export.png>
Package pdftex.def Info: ./images/prtg-export.png  used on input line 209.
(pdftex.def)             Requested size: 435.9296pt x 180.25241pt.
<./images/prtg-excel-stat.png, id=297, 521.69907pt x 314.67563pt>
File: ./images/prtg-excel-stat.png Graphic file (type png)
<use ./images/prtg-excel-stat.png>
Package pdftex.def Info: ./images/prtg-excel-stat.png  used on input line 220.
(pdftex.def)             Requested size: 435.93956pt x 262.94766pt.
<./images/prtg-ssh-speicher.png, id=298, 1088.56688pt x 430.60875pt>
File: ./images/prtg-ssh-speicher.png Graphic file (type png)
<use ./images/prtg-ssh-speicher.png>
Package pdftex.def Info: ./images/prtg-ssh-speicher.png  used on input line 229.
(pdftex.def)             Requested size: 435.93396pt x 172.44412pt.
Package epstopdf Info: Source file: <HTL3RLogoRGB.eps>
(epstopdf)                    date: 2020-04-17 15:07:13
(epstopdf)                    size: 525362 bytes
(epstopdf)             Output file: <HTL3RLogoRGB-eps-converted-to.pdf>
(epstopdf)                    date: 2020-04-17 15:07:23
(epstopdf)                    size: 14771 bytes
(epstopdf)             Command: <epstopdf --outfile=HTL3RLogoRGB-eps-converted-to.pdf HTL3RLogoRGB.eps>
(epstopdf)             \includegraphics on input line 245.
Package epstopdf Info: Output file is already uptodate.
File: HTL3RLogoRGB-eps-converted-to.pdf Graphic file (type pdf)
<use HTL3RLogoRGB-eps-converted-to.pdf>
Package pdftex.def Info: HTL3RLogoRGB-eps-converted-to.pdf  used on input line 245.
(pdftex.def)             Requested size: 71.12767pt x 27.17236pt.
 [14 <./images/prtg-ticket-details.png>]
Package epstopdf Info: Source file: <HTL3RLogoRGB.eps>
(epstopdf)                    date: 2020-04-17 15:07:13
(epstopdf)                    size: 525362 bytes
(epstopdf)             Output file: <HTL3RLogoRGB-eps-converted-to.pdf>
(epstopdf)                    date: 2020-04-17 15:07:23
(epstopdf)                    size: 14771 bytes
(epstopdf)             Command: <epstopdf --outfile=HTL3RLogoRGB-eps-converted-to.pdf HTL3RLogoRGB.eps>
(epstopdf)             \includegraphics on input line 246.
Package epstopdf Info: Output file is already uptodate.
File: HTL3RLogoRGB-eps-converted-to.pdf Graphic file (type pdf)
<use HTL3RLogoRGB-eps-converted-to.pdf>
Package pdftex.def Info: HTL3RLogoRGB-eps-converted-to.pdf  used on input line 246.
(pdftex.def)             Requested size: 71.12767pt x 27.17236pt.
 [15 <./images/prtg-export.png> <./images/prtg-excel-stat.png>]
<./images/prtg_kanal.png, id=320, 341.77687pt x 155.83218pt>
File: ./images/prtg_kanal.png Graphic file (type png)
<use ./images/prtg_kanal.png>
Package pdftex.def Info: ./images/prtg_kanal.png  used on input line 259.
(pdftex.def)             Requested size: 341.78123pt x 155.83417pt.
<./images/prtg-ticket-folder.png, id=321, 1209.76968pt x 243.91125pt>
File: ./images/prtg-ticket-folder.png Graphic file (type png)
<use ./images/prtg-ticket-folder.png>
Package pdftex.def Info: ./images/prtg-ticket-folder.png  used on input line 268.
(pdftex.def)             Requested size: 435.94133pt x 87.89357pt.
)
Underfull \vbox (badness 10000) has occurred while \output is active []

Package epstopdf Info: Source file: <HTL3RLogoRGB.eps>
(epstopdf)                    date: 2020-04-17 15:07:13
(epstopdf)                    size: 525362 bytes
(epstopdf)             Output file: <HTL3RLogoRGB-eps-converted-to.pdf>
(epstopdf)                    date: 2020-04-17 15:07:23
(epstopdf)                    size: 14771 bytes
(epstopdf)             Command: <epstopdf --outfile=HTL3RLogoRGB-eps-converted-to.pdf HTL3RLogoRGB.eps>
(epstopdf)             \includegraphics on input line 231.
Package epstopdf Info: Output file is already uptodate.
File: HTL3RLogoRGB-eps-converted-to.pdf Graphic file (type pdf)
<use HTL3RLogoRGB-eps-converted-to.pdf>
Package pdftex.def Info: HTL3RLogoRGB-eps-converted-to.pdf  used on input line 231.
(pdftex.def)             Requested size: 71.12767pt x 27.17236pt.
 [16 <./images/prtg-ssh-speicher.png> <./images/prtg_kanal.png>] 
AED: lastpage setting LastPage
Package epstopdf Info: Source file: <HTL3RLogoRGB.eps>
(epstopdf)                    date: 2020-04-17 15:07:13
(epstopdf)                    size: 525362 bytes
(epstopdf)             Output file: <HTL3RLogoRGB-eps-converted-to.pdf>
(epstopdf)                    date: 2020-04-17 15:07:23
(epstopdf)                    size: 14771 bytes
(epstopdf)             Command: <epstopdf --outfile=HTL3RLogoRGB-eps-converted-to.pdf HTL3RLogoRGB.eps>
(epstopdf)             \includegraphics on input line 232.
Package epstopdf Info: Output file is already uptodate.
File: HTL3RLogoRGB-eps-converted-to.pdf Graphic file (type pdf)
<use HTL3RLogoRGB-eps-converted-to.pdf>
Package pdftex.def Info: HTL3RLogoRGB-eps-converted-to.pdf  used on input line 232.
(pdftex.def)             Requested size: 71.12767pt x 27.17236pt.
[17 <./images/prtg-ticket-folder.png>]
No complaints by nag.
Package atveryend Info: Empty hook `BeforeClearDocument' on input line 232.
Package atveryend Info: Empty hook `AfterLastShipout' on input line 232.
(c:\Users\leonk\Desktop\NICKEL\protocol.aux)
Package atveryend Info: Executing hook `AtVeryEndDocument' on input line 232.
Package atveryend Info: Executing hook `AtEndAfterFileList' on input line 232.
Package rerunfilecheck Info: File `protocol.out' has not changed.
(rerunfilecheck)             Checksum: D41D8CD98F00B204E9800998ECF8427E;0.
 ) 
Here is how much of TeX's memory you used:
 35819 strings out of 480934
 710564 string characters out of 2899917
 1283350 words of memory out of 3000000
 50766 multiletter control sequences out of 15000+200000
 623456 words of font info for 122 fonts, out of 3000000 for 9000
 1141 hyphenation exceptions out of 8191
 73i,24n,102p,10133b,2410s stack positions out of 5000i,500n,10000p,200000b,50000s
{E:/Users/leonk/AppData/Local/Programs/MiKTeX 2.9/fonts/enc/dvips/lm/lm-ec.enc}{E:/Users/leonk/AppData/Local/Programs/MiKTeX 2.9/fonts/enc/dvips/lm/lm-ts1.enc}{E:/Users/leonk/AppData/Local/Programs/MiKTeX 2.9/fonts/enc/dvips/lm/lm-mathsy.enc}<E:/Users/leonk/AppData/Local/Programs/MiKTeX 2.9/fonts/type1/public/lm/lmbx12.pfb><E:/Users/leonk/AppData/Local/Programs/MiKTeX 2.9/fonts/type1/public/lm/lmcsc10.pfb><E:/Users/leonk/AppData/Local/Programs/MiKTeX 2.9/fonts/type1/public/lm/lmr10.pfb><E:/Users/leonk/AppData/Local/Programs/MiKTeX 2.9/fonts/type1/public/lm/lmr12.pfb><E:/Users/leonk/AppData/Local/Programs/MiKTeX 2.9/fonts/type1/public/lm/lmr7.pfb><E:/Users/leonk/AppData/Local/Programs/MiKTeX 2.9/fonts/type1/public/lm/lmr8.pfb><E:/Users/leonk/AppData/Local/Programs/MiKTeX 2.9/fonts/type1/public/lm/lmri12.pfb><E:/Users/leonk/AppData/Local/Programs/MiKTeX 2.9/fonts/type1/public/lm/lmssbx10.pfb><E:/Users/leonk/AppData/Local/Programs/MiKTeX 2.9/fonts/type1/public/lm/lmsy10.pfb>
Output written on c:\Users\leonk\Desktop\NICKEL\protocol.pdf (21 pages, 917122 bytes).
PDF statistics:
 473 PDF objects out of 1000 (max. 8388607)
 165 named destinations out of 1000 (max. 500000)
 20821 words of extra memory for PDF output out of 24883 (max. 10000000)

